MPASM  5.51                      UNTITLED.ASM   6-20-2015  21:59:56         PAGE  1


LOC  OBJECT CODE     LINE SOURCE TEXT
  VALUE

                      00001         LIST p=16f877a                  
                      00002         #include "P16f877a.inc" 
                      00001         LIST
                      00002 
                      00003 ;==========================================================================
                      00004 ;  MPASM PIC16F877A processor include
                      00005 ; 
                      00006 ;  (c) Copyright 1999-2013 Microchip Technology, All rights reserved
                      00007 ;==========================================================================
                      00008 
                      00566         LIST
                      00003 
                      00004 
                      00005 
                      00006 
                      00007 
                      00008 
0000   1683           00009         bsf STATUS, RP0                         ;       select bank 1 (to enable us to change the Input 
                            / Output status of our ports)
0001   3000           00010         movlw b'00000000'                       ;       set PORTB all outputs (A '0' means output, A '1'
                             means input. We can set each
Message[302]: Register in operand not in bank 0.  Ensure that bank bits are correct.
0002   0086           00011         movwf TRISB                                     ;       We can set each bit individualy. Each po
                            rt having 8-bits or 8 pins.
0003   3000           00012         movlw b'00000000'                       ;       set PORTA all outputs except for bit 5. Bit 5 is
                             an input ONLY pin.
Message[302]: Register in operand not in bank 0.  Ensure that bank bits are correct.
0004   0087           00013         movwf TRISC                             ;       It cannot be set to an output!
0005   1283           00014         bcf STATUS, RP0                         ;       select bank 0
                      00015 
0006                  00016 MAIN:
                      00017 
                      00018 
0006   30FE           00019         movlw b'11111110'
0007   0087           00020         movwf PORTC                                     ;       send 000 to PORTA (remember we are conce
                            rned with PORTA 0, 1 and 2)
0008   303C           00021         movlw b'00111100'                       ;       Now that we have our column activated, we send o
                            ut a byte of data to the anodes
0009   0086           00022         movwf PORTB                                     ;       by placing the data on PORTB
Warning[203]: Found opcode in column 1. (clrf)
000A   0186           00023 clrf PORTB
                      00024         
                      00025 
000B   30FD           00026         movlw b'11111101'
000C   0087           00027         movwf PORTC                                     ;       on PORTA (which connects to the 7442)
000D   3042           00028         movlw b'01000010'                       ;       Now that we have our next column activated, we s
                            end out the next byte of data to the anodes
000E   0086           00029         movwf PORTB                                     ;       by placing the data on PORTB
Warning[203]: Found opcode in column 1. (clrf)
000F   0186           00030 clrf PORTB
                      00031 
0010   30FB           00032         movlw b'11111011'
0011   0087           00033         movwf PORTC                                     ;       on PORTA (which connects to the 7442)
MPASM  5.51                      UNTITLED.ASM   6-20-2015  21:59:56         PAGE  2


LOC  OBJECT CODE     LINE SOURCE TEXT
  VALUE

0012   30A5           00034         movlw b'10100101'                       ;       Now that we have our next column activated, we s
                            end out the next byte of data to the anodes
0013   0086           00035         movwf PORTB                                     ;       by placing the data on PORTB
Warning[203]: Found opcode in column 1. (clrf)
0014   0186           00036 clrf PORTB
                      00037 
0015   30F7           00038         movlw b'11110111'
0016   0087           00039         movwf PORTC                                     ;       on PORTA (which connects to the 7442)
0017   3081           00040         movlw b'10000001'                       ;       Now that we have our next column activated, we s
                            end out the next byte of data to the anodes
0018   0086           00041         movwf PORTB                                     ;       by placing the data on PORTB
Warning[203]: Found opcode in column 1. (clrf)
0019   0186           00042 clrf PORTB   
                      00043 
001A   30EF           00044         movlw b'11101111'
001B   0087           00045         movwf PORTC                                     ;       on PORTA (which connects to the 7442)
001C   30A5           00046         movlw b'10100101'                       ;       Now that we have our next column activated, we s
                            end out the next byte of data to the anodes
001D   0086           00047         movwf PORTB                                     ;       by placing the data on PORTB
Warning[203]: Found opcode in column 1. (clrf)
001E   0186           00048 clrf PORTB
                      00049 
001F   30DF           00050         movlw b'11011111'
0020   0087           00051         movwf PORTC                                     ;       on PORTA (which connects to the 7442)
0021   3099           00052         movlw b'10011001'                       ;       Now that we have our next column activated, we s
                            end out the next byte of data to the anodes
0022   0086           00053         movwf PORTB                                     ;       by placing the data on PORTB
Warning[203]: Found opcode in column 1. (clrf)
0023   0186           00054 clrf PORTB
                      00055 
0024   30BF           00056         movlw b'10111111'
0025   0087           00057         movwf PORTC                                     ;       on PORTA (which connects to the 7442)
0026   3042           00058         movlw b'01000010'                       ;       Now that we have our next column activated, we s
                            end out the next byte of data to the anodes
0027   0086           00059         movwf PORTB                                     ;       by placing the data on PORTB
Warning[203]: Found opcode in column 1. (clrf)
0028   0186           00060 clrf PORTB      
                      00061 
0029   307F           00062         movlw b'01111111'
002A   0087           00063         movwf PORTC                                     ;       on PORTA (which connects to the 7442)
002B   303C           00064         movlw b'00111100'                       ;       Now that we have our next column activated, we s
                            end out the next byte of data to the anodes
002C   0086           00065         movwf PORTB                                     ;       by placing the data on PORTB
Warning[203]: Found opcode in column 1. (clrf)
002D   0186           00066 clrf PORTB
                      00067 
                      00068 
                      00069 
                      00070 
Warning[203]: Found opcode in column 1. (GOTO)
002E   2806           00071 GOTO MAIN
                      00072 
Warning[205]: Found directive in column 1. (END)
MPASM  5.51                      UNTITLED.ASM   6-20-2015  21:59:56         PAGE  3


LOC  OBJECT CODE     LINE SOURCE TEXT
  VALUE

                      00073 END
MPASM  5.51                      UNTITLED.ASM   6-20-2015  21:59:56         PAGE  4


SYMBOL TABLE
  LABEL                             VALUE 

ACKDT                             00000005
ACKEN                             00000004
ACKSTAT                           00000006
ADCON0                            0000001F
ADCON1                            0000009F
ADCS0                             00000006
ADCS1                             00000007
ADCS2                             00000006
ADDEN                             00000003
ADFM                              00000007
ADIE                              00000006
ADIF                              00000006
ADON                              00000000
ADRESH                            0000001E
ADRESL                            0000009E
BCLIE                             00000003
BCLIF                             00000003
BF                                00000000
BRGH                              00000002
C                                 00000000
C1INV                             00000004
C1OUT                             00000006
C2INV                             00000005
C2OUT                             00000007
CCP1CON                           00000017
CCP1IE                            00000002
CCP1IF                            00000002
CCP1M0                            00000000
CCP1M1                            00000001
CCP1M2                            00000002
CCP1M3                            00000003
CCP1X                             00000005
CCP1Y                             00000004
CCP2CON                           0000001D
CCP2IE                            00000000
CCP2IF                            00000000
CCP2M0                            00000000
CCP2M1                            00000001
CCP2M2                            00000002
CCP2M3                            00000003
CCP2X                             00000005
CCP2Y                             00000004
CCPR1                             00000015
CCPR1H                            00000016
CCPR1L                            00000015
CCPR2                             0000001B
CCPR2H                            0000001C
CCPR2L                            0000001B
CHS0                              00000003
CHS1                              00000004
CHS2                              00000005
CIS                               00000003
CKE                               00000006
MPASM  5.51                      UNTITLED.ASM   6-20-2015  21:59:56         PAGE  5


SYMBOL TABLE
  LABEL                             VALUE 

CKP                               00000004
CM0                               00000000
CM1                               00000001
CM2                               00000002
CMCON                             0000009C
CMIE                              00000006
CMIF                              00000006
CREN                              00000004
CSRC                              00000007
CVR0                              00000000
CVR1                              00000001
CVR2                              00000002
CVR3                              00000003
CVRCON                            0000009D
CVREN                             00000007
CVROE                             00000006
CVRR                              00000005
D                                 00000005
DATA_ADDRESS                      00000005
DC                                00000001
D_A                               00000005
D_NOT_A                           00000005
EEADR                             0000010D
EEADRH                            0000010F
EECON1                            0000018C
EECON2                            0000018D
EEDATA                            0000010C
EEDATH                            0000010E
EEIE                              00000004
EEIF                              00000004
EEPGD                             00000007
F                                 00000001
FERR                              00000002
FSR                               00000004
GCEN                              00000007
GIE                               00000007
GO                                00000002
GO_DONE                           00000002
GO_NOT_DONE                       00000002
I2C_DATA                          00000005
I2C_READ                          00000002
I2C_START                         00000003
I2C_STOP                          00000004
IBF                               00000007
IBOV                              00000005
INDF                              00000000
INTCON                            0000000B
INTE                              00000004
INTEDG                            00000006
INTF                              00000001
IRP                               00000007
MAIN                              00000006
NOT_A                             00000005
MPASM  5.51                      UNTITLED.ASM   6-20-2015  21:59:56         PAGE  6


SYMBOL TABLE
  LABEL                             VALUE 

NOT_ADDRESS                       00000005
NOT_BO                            00000000
NOT_BOR                           00000000
NOT_DONE                          00000002
NOT_PD                            00000003
NOT_POR                           00000001
NOT_RBPU                          00000007
NOT_RC8                           00000006
NOT_T1SYNC                        00000002
NOT_TO                            00000004
NOT_TX8                           00000006
NOT_W                             00000002
NOT_WRITE                         00000002
OBF                               00000006
OERR                              00000001
OPTION_REG                        00000081
P                                 00000004
PCFG0                             00000000
PCFG1                             00000001
PCFG2                             00000002
PCFG3                             00000003
PCL                               00000002
PCLATH                            0000000A
PCON                              0000008E
PEIE                              00000006
PEN                               00000002
PIE1                              0000008C
PIE2                              0000008D
PIR1                              0000000C
PIR2                              0000000D
PORTA                             00000005
PORTB                             00000006
PORTC                             00000007
PORTD                             00000008
PORTE                             00000009
PR2                               00000092
PS0                               00000000
PS1                               00000001
PS2                               00000002
PSA                               00000003
PSPIE                             00000007
PSPIF                             00000007
PSPMODE                           00000004
R                                 00000002
RA0                               00000000
RA1                               00000001
RA2                               00000002
RA3                               00000003
RA4                               00000004
RA5                               00000005
RB0                               00000000
RB1                               00000001
RB2                               00000002
MPASM  5.51                      UNTITLED.ASM   6-20-2015  21:59:56         PAGE  7


SYMBOL TABLE
  LABEL                             VALUE 

RB3                               00000003
RB4                               00000004
RB5                               00000005
RB6                               00000006
RB7                               00000007
RBIE                              00000003
RBIF                              00000000
RC0                               00000000
RC1                               00000001
RC2                               00000002
RC3                               00000003
RC4                               00000004
RC5                               00000005
RC6                               00000006
RC7                               00000007
RC8_9                             00000006
RC9                               00000006
RCD8                              00000000
RCEN                              00000003
RCIE                              00000005
RCIF                              00000005
RCREG                             0000001A
RCSTA                             00000018
RD                                00000000
RD0                               00000000
RD1                               00000001
RD2                               00000002
RD3                               00000003
RD4                               00000004
RD5                               00000005
RD6                               00000006
RD7                               00000007
RE0                               00000000
RE1                               00000001
RE2                               00000002
READ_WRITE                        00000002
RP0                               00000005
RP1                               00000006
RSEN                              00000001
RX9                               00000006
RX9D                              00000000
R_NOT_W                           00000002
R_W                               00000002
S                                 00000003
SEN                               00000000
SMP                               00000007
SPBRG                             00000099
SPEN                              00000007
SREN                              00000005
SSPADD                            00000093
SSPBUF                            00000013
SSPCON                            00000014
SSPCON2                           00000091
MPASM  5.51                      UNTITLED.ASM   6-20-2015  21:59:56         PAGE  8


SYMBOL TABLE
  LABEL                             VALUE 

SSPEN                             00000005
SSPIE                             00000003
SSPIF                             00000003
SSPM0                             00000000
SSPM1                             00000001
SSPM2                             00000002
SSPM3                             00000003
SSPOV                             00000006
SSPSTAT                           00000094
STATUS                            00000003
SYNC                              00000004
T0CS                              00000005
T0IE                              00000005
T0IF                              00000002
T0SE                              00000004
T1CKPS0                           00000004
T1CKPS1                           00000005
T1CON                             00000010
T1INSYNC                          00000002
T1OSCEN                           00000003
T1SYNC                            00000002
T2CKPS0                           00000000
T2CKPS1                           00000001
T2CON                             00000012
TMR0                              00000001
TMR0IE                            00000005
TMR0IF                            00000002
TMR1                              0000000E
TMR1CS                            00000001
TMR1H                             0000000F
TMR1IE                            00000000
TMR1IF                            00000000
TMR1L                             0000000E
TMR1ON                            00000000
TMR2                              00000011
TMR2IE                            00000001
TMR2IF                            00000001
TMR2ON                            00000002
TOUTPS0                           00000003
TOUTPS1                           00000004
TOUTPS2                           00000005
TOUTPS3                           00000006
TRISA                             00000085
TRISA0                            00000000
TRISA1                            00000001
TRISA2                            00000002
TRISA3                            00000003
TRISA4                            00000004
TRISA5                            00000005
TRISB                             00000086
TRISB0                            00000000
TRISB1                            00000001
TRISB2                            00000002
MPASM  5.51                      UNTITLED.ASM   6-20-2015  21:59:56         PAGE  9


SYMBOL TABLE
  LABEL                             VALUE 

TRISB3                            00000003
TRISB4                            00000004
TRISB5                            00000005
TRISB6                            00000006
TRISB7                            00000007
TRISC                             00000087
TRISC0                            00000000
TRISC1                            00000001
TRISC2                            00000002
TRISC3                            00000003
TRISC4                            00000004
TRISC5                            00000005
TRISC6                            00000006
TRISC7                            00000007
TRISD                             00000088
TRISD0                            00000000
TRISD1                            00000001
TRISD2                            00000002
TRISD3                            00000003
TRISD4                            00000004
TRISD5                            00000005
TRISD6                            00000006
TRISD7                            00000007
TRISE                             00000089
TRISE0                            00000000
TRISE1                            00000001
TRISE2                            00000002
TRMT                              00000001
TX8_9                             00000006
TX9                               00000006
TX9D                              00000000
TXD8                              00000000
TXEN                              00000005
TXIE                              00000004
TXIF                              00000004
TXREG                             00000019
TXSTA                             00000098
UA                                00000001
W                                 00000000
WCOL                              00000007
WR                                00000001
WREN                              00000002
WRERR                             00000003
Z                                 00000002
_BODEN_OFF                        00003FBF
_BODEN_ON                         00003FFF
_BOREN_OFF                        00003FBF
_BOREN_ON                         00003FFF
_CONFIG                           00002007
_CPD_OFF                          00003FFF
_CPD_ON                           00003EFF
_CP_ALL                           00001FFF
_CP_OFF                           00003FFF
MPASM  5.51                      UNTITLED.ASM   6-20-2015  21:59:56         PAGE 10


SYMBOL TABLE
  LABEL                             VALUE 

_CP_ON                            00001FFF
_DEBUG_OFF                        00003FFF
_DEBUG_ON                         000037FF
_DEVID1                           00002006
_FOSC_EXTRC                       00003FFF
_FOSC_HS                          00003FFE
_FOSC_LP                          00003FFC
_FOSC_XT                          00003FFD
_HS_OSC                           00003FFE
_IDLOC0                           00002000
_IDLOC1                           00002001
_IDLOC2                           00002002
_IDLOC3                           00002003
_LP_OSC                           00003FFC
_LVP_OFF                          00003F7F
_LVP_ON                           00003FFF
_PWRTE_OFF                        00003FFF
_PWRTE_ON                         00003FF7
_RC_OSC                           00003FFF
_WDTE_OFF                         00003FFB
_WDTE_ON                          00003FFF
_WDT_OFF                          00003FFB
_WDT_ON                           00003FFF
_WRT_1FOURTH                      00003BFF
_WRT_256                          00003DFF
_WRT_HALF                         000039FF
_WRT_OFF                          00003FFF
_XT_OSC                           00003FFD
__16F877A                         00000001
__DEBUG                           1


MEMORY USAGE MAP ('X' = Used,  '-' = Unused)

0000 : XXXXXXXXXXXXXXXX XXXXXXXXXXXXXXXX XXXXXXXXXXXXXXX- ----------------

All other memory blocks unused.

Program Memory Words Used:    47
Program Memory Words Free:  8145


Errors   :     0
Warnings :    10 reported,     0 suppressed
Messages :     2 reported,     0 suppressed

